# JRE version: Java(TM) SE Runtime Environment (8.0_181-b13) (build 1.8.0_181-b13)
# Java VM: Java HotSpot(TM) 64-Bit Server VM (25.181-b13 mixed mode windows-amd64 compressed oops)
Heap:
 PSYoungGen      total 135680K, used 32111K [0x000000076b600000, 0x0000000776b00000, 0x00000007c0000000)
  eden space 124928K, 25% used [0x000000076b600000,0x000000076d55bd98,0x0000000773000000)
  from space 10752K, 0% used [0x0000000776080000,0x0000000776080000,0x0000000776b00000)
  to   space 10752K, 0% used [0x0000000773000000,0x0000000773000000,0x0000000773a80000)
 ParOldGen       total 97280K, used 16739K [0x00000006c2200000, 0x00000006c8100000, 0x000000076b600000)
  object space 97280K, 17% used [0x00000006c2200000,0x00000006c3258f60,0x00000006c8100000)
 Metaspace       used 34852K, capacity 36834K, committed 37032K, reserved 1081344K
  class space    used 4640K, capacity 5025K, committed 5040K, reserved 1048576K
GC Heap History (10 events):
Event: 5.642 GC heap before
{Heap before GC invocations=4 (full 1):
 PSYoungGen      total 75776K, used 7813K [0x000000076b600000, 0x0000000774a00000, 0x00000007c0000000)
  eden space 65024K, 0% used [0x000000076b600000,0x000000076b600000,0x000000076f580000)
  from space 10752K, 72% used [0x000000076f580000,0x000000076fd21450,0x0000000770000000)
  to   space 10752K, 0% used [0x0000000773f80000,0x0000000773f80000,0x0000000774a00000)
 ParOldGen       total 173568K, used 32K [0x00000006c2200000, 0x00000006ccb80000, 0x000000076b600000)
  object space 173568K, 0% used [0x00000006c2200000,0x00000006c2208000,0x00000006ccb80000)
 Metaspace       used 20354K, capacity 21206K, committed 21296K, reserved 1067008K
  class space    used 2631K, capacity 2823K, committed 2864K, reserved 1048576K
Event: 5.677 GC heap after
Heap after GC invocations=4 (full 1):
 PSYoungGen      total 75776K, used 0K [0x000000076b600000, 0x0000000774a00000, 0x00000007c0000000)
  eden space 65024K, 0% used [0x000000076b600000,0x000000076b600000,0x000000076f580000)
  from space 10752K, 0% used [0x000000076f580000,0x000000076f580000,0x0000000770000000)
  to   space 10752K, 0% used [0x0000000773f80000,0x0000000773f80000,0x0000000774a00000)
 ParOldGen       total 97280K, used 7508K [0x00000006c2200000, 0x00000006c8100000, 0x000000076b600000)
  object space 97280K, 7% used [0x00000006c2200000,0x00000006c2955060,0x00000006c8100000)
 Metaspace       used 20354K, capacity 21206K, committed 21296K, reserved 1067008K
  class space    used 2631K, capacity 2823K, committed 2864K, reserved 1048576K
}
Event: 8.319 GC heap before
{Heap before GC invocations=5 (full 1):
 PSYoungGen      total 75776K, used 65024K [0x000000076b600000, 0x0000000774a00000, 0x00000007c0000000)
  eden space 65024K, 100% used [0x000000076b600000,0x000000076f580000,0x000000076f580000)
  from space 10752K, 0% used [0x000000076f580000,0x000000076f580000,0x0000000770000000)
  to   space 10752K, 0% used [0x0000000773f80000,0x0000000773f80000,0x0000000774a00000)
 ParOldGen       total 97280K, used 7508K [0x00000006c2200000, 0x00000006c8100000, 0x000000076b600000)
  object space 97280K, 7% used [0x00000006c2200000,0x00000006c2955060,0x00000006c8100000)
 Metaspace       used 23536K, capacity 24590K, committed 24880K, reserved 1071104K
  class space    used 3082K, capacity 3313K, committed 3376K, reserved 1048576K
Event: 8.325 GC heap after
Heap after GC invocations=5 (full 1):
 PSYoungGen      total 108544K, used 5393K [0x000000076b600000, 0x0000000774500000, 0x00000007c0000000)
  eden space 102912K, 0% used [0x000000076b600000,0x000000076b600000,0x0000000771a80000)
  from space 5632K, 95% used [0x0000000773f80000,0x00000007744c4430,0x0000000774500000)
  to   space 10752K, 0% used [0x0000000773000000,0x0000000773000000,0x0000000773a80000)
 ParOldGen       total 97280K, used 7580K [0x00000006c2200000, 0x00000006c8100000, 0x000000076b600000)
  object space 97280K, 7% used [0x00000006c2200000,0x00000006c2967070,0x00000006c8100000)
 Metaspace       used 23536K, capacity 24590K, committed 24880K, reserved 1071104K
  class space    used 3082K, capacity 3313K, committed 3376K, reserved 1048576K
}
Event: 9.007 GC heap before
{Heap before GC invocations=6 (full 1):
 PSYoungGen      total 108544K, used 108305K [0x000000076b600000, 0x0000000774500000, 0x00000007c0000000)
  eden space 102912K, 100% used [0x000000076b600000,0x0000000771a80000,0x0000000771a80000)
  from space 5632K, 95% used [0x0000000773f80000,0x00000007744c4430,0x0000000774500000)
  to   space 10752K, 0% used [0x0000000773000000,0x0000000773000000,0x0000000773a80000)
 ParOldGen       total 97280K, used 7580K [0x00000006c2200000, 0x00000006c8100000, 0x000000076b600000)
  object space 97280K, 7% used [0x00000006c2200000,0x00000006c2967070,0x00000006c8100000)
 Metaspace       used 27086K, capacity 28398K, committed 28464K, reserved 1073152K
  class space    used 3597K, capacity 3883K, committed 3888K, reserved 1048576K
Event: 9.014 GC heap after
Heap after GC invocations=6 (full 1):
 PSYoungGen      total 135680K, used 9053K [0x000000076b600000, 0x0000000776b00000, 0x00000007c0000000)
  eden space 124928K, 0% used [0x000000076b600000,0x000000076b600000,0x0000000773000000)
  from space 10752K, 84% used [0x0000000773000000,0x00000007738d7570,0x0000000773a80000)
  to   space 10752K, 0% used [0x0000000776080000,0x0000000776080000,0x0000000776b00000)
 ParOldGen       total 97280K, used 7588K [0x00000006c2200000, 0x00000006c8100000, 0x000000076b600000)
  object space 97280K, 7% used [0x00000006c2200000,0x00000006c2969070,0x00000006c8100000)
 Metaspace       used 27086K, capacity 28398K, committed 28464K, reserved 1073152K
  class space    used 3597K, capacity 3883K, committed 3888K, reserved 1048576K
}
Event: 10.166 GC heap before
{Heap before GC invocations=7 (full 1):
 PSYoungGen      total 135680K, used 131379K [0x000000076b600000, 0x0000000776b00000, 0x00000007c0000000)
  eden space 124928K, 97% used [0x000000076b600000,0x0000000772d756b8,0x0000000773000000)
  from space 10752K, 84% used [0x0000000773000000,0x00000007738d7570,0x0000000773a80000)
  to   space 10752K, 0% used [0x0000000776080000,0x0000000776080000,0x0000000776b00000)
 ParOldGen       total 97280K, used 7588K [0x00000006c2200000, 0x00000006c8100000, 0x000000076b600000)
  object space 97280K, 7% used [0x00000006c2200000,0x00000006c2969070,0x00000006c8100000)
 Metaspace       used 33616K, capacity 35390K, committed 35496K, reserved 1079296K
  class space    used 4445K, capacity 4763K, committed 4784K, reserved 1048576K
Event: 10.176 GC heap after
Heap after GC invocations=7 (full 1):
 PSYoungGen      total 135680K, used 10734K [0x000000076b600000, 0x0000000776b00000, 0x00000007c0000000)
  eden space 124928K, 0% used [0x000000076b600000,0x000000076b600000,0x0000000773000000)
  from space 10752K, 99% used [0x0000000776080000,0x0000000776afb808,0x0000000776b00000)
  to   space 10752K, 0% used [0x0000000773000000,0x0000000773000000,0x0000000773a80000)
 ParOldGen       total 97280K, used 8794K [0x00000006c2200000, 0x00000006c8100000, 0x000000076b600000)
  object space 97280K, 9% used [0x00000006c2200000,0x00000006c2a96848,0x00000006c8100000)
 Metaspace       used 33616K, capacity 35390K, committed 35496K, reserved 1079296K
  class space    used 4445K, capacity 4763K, committed 4784K, reserved 1048576K
}
Event: 10.176 GC heap before
{Heap before GC invocations=8 (full 2):
 PSYoungGen      total 135680K, used 10734K [0x000000076b600000, 0x0000000776b00000, 0x00000007c0000000)
  eden space 124928K, 0% used [0x000000076b600000,0x000000076b600000,0x0000000773000000)
  from space 10752K, 99% used [0x0000000776080000,0x0000000776afb808,0x0000000776b00000)
  to   space 10752K, 0% used [0x0000000773000000,0x0000000773000000,0x0000000773a80000)
 ParOldGen       total 97280K, used 8794K [0x00000006c2200000, 0x00000006c8100000, 0x000000076b600000)
  object space 97280K, 9% used [0x00000006c2200000,0x00000006c2a96848,0x00000006c8100000)
 Metaspace       used 33616K, capacity 35390K, committed 35496K, reserved 1079296K
  class space    used 4445K, capacity 4763K, committed 4784K, reserved 1048576K
Event: 10.266 GC heap after
Heap after GC invocations=8 (full 2):
 PSYoungGen      total 135680K, used 0K [0x000000076b600000, 0x0000000776b00000, 0x00000007c0000000)
  eden space 124928K, 0% used [0x000000076b600000,0x000000076b600000,0x0000000773000000)
  from space 10752K, 0% used [0x0000000776080000,0x0000000776080000,0x0000000776b00000)
  to   space 10752K, 0% used [0x0000000773000000,0x0000000773000000,0x0000000773a80000)
 ParOldGen       total 97280K, used 16739K [0x00000006c2200000, 0x00000006c8100000, 0x000000076b600000)
  object space 97280K, 17% used [0x00000006c2200000,0x00000006c3258f60,0x00000006c8100000)
 Metaspace       used 33616K, capacity 35390K, committed 35496K, reserved 1079296K
  class space    used 4445K, capacity 4763K, committed 4784K, reserved 1048576K
}

