# JRE version: Java(TM) SE Runtime Environment (8.0_181-b13) (build 1.8.0_181-b13)
# Java VM: Java HotSpot(TM) 64-Bit Server VM (25.181-b13 mixed mode windows-amd64 compressed oops)
Heap:
 PSYoungGen      total 243200K, used 92148K [0x000000076b600000, 0x000000077b100000, 0x00000007c0000000)
  eden space 230400K, 39% used [0x000000076b600000,0x0000000770ffd1b8,0x0000000779700000)
  from space 12800K, 0% used [0x0000000779800000,0x0000000779800000,0x000000077a480000)
  to   space 11264K, 0% used [0x000000077a600000,0x000000077a600000,0x000000077b100000)
 ParOldGen       total 111104K, used 12369K [0x00000006c2200000, 0x00000006c8e80000, 0x000000076b600000)
  object space 111104K, 11% used [0x00000006c2200000,0x00000006c2e14660,0x00000006c8e80000)
 Metaspace       used 39310K, capacity 41064K, committed 41304K, reserved 1089536K
  class space    used 5145K, capacity 5496K, committed 5504K, reserved 1048576K
GC Heap History (10 events):
Event: 3.937 GC heap before
{Heap before GC invocations=5 (full 1):
 PSYoungGen      total 140800K, used 6236K [0x000000076b600000, 0x0000000774a00000, 0x00000007c0000000)
  eden space 130048K, 0% used [0x000000076b600000,0x000000076b600000,0x0000000773500000)
  from space 10752K, 58% used [0x0000000773f80000,0x0000000774597248,0x0000000774a00000)
  to   space 10752K, 0% used [0x0000000773500000,0x0000000773500000,0x0000000773f80000)
 ParOldGen       total 173568K, used 40K [0x00000006c2200000, 0x00000006ccb80000, 0x000000076b600000)
  object space 173568K, 0% used [0x00000006c2200000,0x00000006c220a000,0x00000006ccb80000)
 Metaspace       used 20476K, capacity 21236K, committed 21248K, reserved 1067008K
  class space    used 2598K, capacity 2808K, committed 2816K, reserved 1048576K
Event: 3.961 GC heap after
Heap after GC invocations=5 (full 1):
 PSYoungGen      total 140800K, used 0K [0x000000076b600000, 0x0000000774a00000, 0x00000007c0000000)
  eden space 130048K, 0% used [0x000000076b600000,0x000000076b600000,0x0000000773500000)
  from space 10752K, 0% used [0x0000000773f80000,0x0000000773f80000,0x0000000774a00000)
  to   space 10752K, 0% used [0x0000000773500000,0x0000000773500000,0x0000000773f80000)
 ParOldGen       total 81920K, used 6046K [0x00000006c2200000, 0x00000006c7200000, 0x000000076b600000)
  object space 81920K, 7% used [0x00000006c2200000,0x00000006c27e7988,0x00000006c7200000)
 Metaspace       used 20476K, capacity 21236K, committed 21248K, reserved 1067008K
  class space    used 2598K, capacity 2808K, committed 2816K, reserved 1048576K
}
Event: 7.583 GC heap before
{Heap before GC invocations=6 (full 1):
 PSYoungGen      total 140800K, used 130048K [0x000000076b600000, 0x0000000774a00000, 0x00000007c0000000)
  eden space 130048K, 100% used [0x000000076b600000,0x0000000773500000,0x0000000773500000)
  from space 10752K, 0% used [0x0000000773f80000,0x0000000773f80000,0x0000000774a00000)
  to   space 10752K, 0% used [0x0000000773500000,0x0000000773500000,0x0000000773f80000)
 ParOldGen       total 81920K, used 6046K [0x00000006c2200000, 0x00000006c7200000, 0x000000076b600000)
  object space 81920K, 7% used [0x00000006c2200000,0x00000006c27e7988,0x00000006c7200000)
 Metaspace       used 27424K, capacity 28614K, committed 28800K, reserved 1075200K
  class space    used 3451K, capacity 3693K, committed 3712K, reserved 1048576K
Event: 7.590 GC heap after
Heap after GC invocations=6 (full 1):
 PSYoungGen      total 140800K, used 9189K [0x000000076b600000, 0x000000077b100000, 0x00000007c0000000)
  eden space 130048K, 0% used [0x000000076b600000,0x000000076b600000,0x0000000773500000)
  from space 10752K, 85% used [0x0000000773500000,0x0000000773df94d8,0x0000000773f80000)
  to   space 11264K, 0% used [0x000000077a600000,0x000000077a600000,0x000000077b100000)
 ParOldGen       total 81920K, used 6118K [0x00000006c2200000, 0x00000006c7200000, 0x000000076b600000)
  object space 81920K, 7% used [0x00000006c2200000,0x00000006c27f9998,0x00000006c7200000)
 Metaspace       used 27424K, capacity 28614K, committed 28800K, reserved 1075200K
  class space    used 3451K, capacity 3693K, committed 3712K, reserved 1048576K
}
Event: 8.628 GC heap before
{Heap before GC invocations=7 (full 1):
 PSYoungGen      total 140800K, used 139237K [0x000000076b600000, 0x000000077b100000, 0x00000007c0000000)
  eden space 130048K, 100% used [0x000000076b600000,0x0000000773500000,0x0000000773500000)
  from space 10752K, 85% used [0x0000000773500000,0x0000000773df94d8,0x0000000773f80000)
  to   space 11264K, 0% used [0x000000077a600000,0x000000077a600000,0x000000077b100000)
 ParOldGen       total 81920K, used 6118K [0x00000006c2200000, 0x00000006c7200000, 0x000000076b600000)
  object space 81920K, 7% used [0x00000006c2200000,0x00000006c27f9998,0x00000006c7200000)
 Metaspace       used 32816K, capacity 34284K, committed 34560K, reserved 1079296K
  class space    used 4274K, capacity 4560K, committed 4608K, reserved 1048576K
Event: 8.637 GC heap after
Heap after GC invocations=7 (full 1):
 PSYoungGen      total 241664K, used 11263K [0x000000076b600000, 0x000000077b100000, 0x00000007c0000000)
  eden space 230400K, 0% used [0x000000076b600000,0x000000076b600000,0x0000000779700000)
  from space 11264K, 99% used [0x000000077a600000,0x000000077b0ffde8,0x000000077b100000)
  to   space 12800K, 0% used [0x0000000779800000,0x0000000779800000,0x000000077a480000)
 ParOldGen       total 81920K, used 6531K [0x00000006c2200000, 0x00000006c7200000, 0x000000076b600000)
  object space 81920K, 7% used [0x00000006c2200000,0x00000006c2860f18,0x00000006c7200000)
 Metaspace       used 32816K, capacity 34284K, committed 34560K, reserved 1079296K
  class space    used 4274K, capacity 4560K, committed 4608K, reserved 1048576K
}
Event: 8.797 GC heap before
{Heap before GC invocations=8 (full 1):
 PSYoungGen      total 241664K, used 37653K [0x000000076b600000, 0x000000077b100000, 0x00000007c0000000)
  eden space 230400K, 11% used [0x000000076b600000,0x000000076cfc5830,0x0000000779700000)
  from space 11264K, 99% used [0x000000077a600000,0x000000077b0ffde8,0x000000077b100000)
  to   space 12800K, 0% used [0x0000000779800000,0x0000000779800000,0x000000077a480000)
 ParOldGen       total 81920K, used 6531K [0x00000006c2200000, 0x00000006c7200000, 0x000000076b600000)
  object space 81920K, 7% used [0x00000006c2200000,0x00000006c2860f18,0x00000006c7200000)
 Metaspace       used 33953K, capacity 35368K, committed 35416K, reserved 1079296K
  class space    used 4442K, capacity 4724K, committed 4736K, reserved 1048576K
Event: 8.802 GC heap after
Heap after GC invocations=8 (full 1):
 PSYoungGen      total 243200K, used 7849K [0x000000076b600000, 0x000000077b100000, 0x00000007c0000000)
  eden space 230400K, 0% used [0x000000076b600000,0x000000076b600000,0x0000000779700000)
  from space 12800K, 61% used [0x0000000779800000,0x0000000779faa4b8,0x000000077a480000)
  to   space 11264K, 0% used [0x000000077a600000,0x000000077a600000,0x000000077b100000)
 ParOldGen       total 81920K, used 6539K [0x00000006c2200000, 0x00000006c7200000, 0x000000076b600000)
  object space 81920K, 7% used [0x00000006c2200000,0x00000006c2862f18,0x00000006c7200000)
 Metaspace       used 33953K, capacity 35368K, committed 35416K, reserved 1079296K
  class space    used 4442K, capacity 4724K, committed 4736K, reserved 1048576K
}
Event: 8.803 GC heap before
{Heap before GC invocations=9 (full 2):
 PSYoungGen      total 243200K, used 7849K [0x000000076b600000, 0x000000077b100000, 0x00000007c0000000)
  eden space 230400K, 0% used [0x000000076b600000,0x000000076b600000,0x0000000779700000)
  from space 12800K, 61% used [0x0000000779800000,0x0000000779faa4b8,0x000000077a480000)
  to   space 11264K, 0% used [0x000000077a600000,0x000000077a600000,0x000000077b100000)
 ParOldGen       total 81920K, used 6539K [0x00000006c2200000, 0x00000006c7200000, 0x000000076b600000)
  object space 81920K, 7% used [0x00000006c2200000,0x00000006c2862f18,0x00000006c7200000)
 Metaspace       used 33953K, capacity 35368K, committed 35416K, reserved 1079296K
  class space    used 4442K, capacity 4724K, committed 4736K, reserved 1048576K
Event: 8.867 GC heap after
Heap after GC invocations=9 (full 2):
 PSYoungGen      total 243200K, used 0K [0x000000076b600000, 0x000000077b100000, 0x00000007c0000000)
  eden space 230400K, 0% used [0x000000076b600000,0x000000076b600000,0x0000000779700000)
  from space 12800K, 0% used [0x0000000779800000,0x0000000779800000,0x000000077a480000)
  to   space 11264K, 0% used [0x000000077a600000,0x000000077a600000,0x000000077b100000)
 ParOldGen       total 111104K, used 12369K [0x00000006c2200000, 0x00000006c8e80000, 0x000000076b600000)
  object space 111104K, 11% used [0x00000006c2200000,0x00000006c2e14660,0x00000006c8e80000)
 Metaspace       used 33953K, capacity 35368K, committed 35416K, reserved 1079296K
  class space    used 4442K, capacity 4724K, committed 4736K, reserved 1048576K
}

