# JRE version: Java(TM) SE Runtime Environment (8.0_181-b13) (build 1.8.0_181-b13)
# Java VM: Java HotSpot(TM) 64-Bit Server VM (25.181-b13 mixed mode windows-amd64 compressed oops)
Heap:
 PSYoungGen      total 246784K, used 39334K [0x000000076b600000, 0x000000077b400000, 0x00000007c0000000)
  eden space 233984K, 11% used [0x000000076b600000,0x000000076cfea4b8,0x0000000779a80000)
  from space 12800K, 99% used [0x0000000779b00000,0x000000077a77f628,0x000000077a780000)
  to   space 11264K, 0% used [0x000000077a900000,0x000000077a900000,0x000000077b400000)
 ParOldGen       total 112640K, used 16482K [0x00000006c2200000, 0x00000006c9000000, 0x000000076b600000)
  object space 112640K, 14% used [0x00000006c2200000,0x00000006c3218a58,0x00000006c9000000)
 Metaspace       used 51637K, capacity 54346K, committed 54488K, reserved 1095680K
  class space    used 6905K, capacity 7379K, committed 7424K, reserved 1048576K
GC Heap History (10 events):
Event: 8.719 GC heap before
{Heap before GC invocations=7 (full 1):
 PSYoungGen      total 140800K, used 139242K [0x000000076b600000, 0x000000077b400000, 0x00000007c0000000)
  eden space 130048K, 100% used [0x000000076b600000,0x0000000773500000,0x0000000773500000)
  from space 10752K, 85% used [0x0000000773500000,0x0000000773dfa930,0x0000000773f80000)
  to   space 11264K, 0% used [0x000000077a900000,0x000000077a900000,0x000000077b400000)
 ParOldGen       total 80384K, used 6053K [0x00000006c2200000, 0x00000006c7080000, 0x000000076b600000)
  object space 80384K, 7% used [0x00000006c2200000,0x00000006c27e95f8,0x00000006c7080000)
 Metaspace       used 32611K, capacity 33984K, committed 34304K, reserved 1079296K
  class space    used 4249K, capacity 4524K, committed 4608K, reserved 1048576K
Event: 8.729 GC heap after
Heap after GC invocations=7 (full 1):
 PSYoungGen      total 245248K, used 11241K [0x000000076b600000, 0x000000077b400000, 0x00000007c0000000)
  eden space 233984K, 0% used [0x000000076b600000,0x000000076b600000,0x0000000779a80000)
  from space 11264K, 99% used [0x000000077a900000,0x000000077b3fa4c8,0x000000077b400000)
  to   space 12800K, 0% used [0x0000000779b00000,0x0000000779b00000,0x000000077a780000)
 ParOldGen       total 80384K, used 6410K [0x00000006c2200000, 0x00000006c7080000, 0x000000076b600000)
  object space 80384K, 7% used [0x00000006c2200000,0x00000006c2842808,0x00000006c7080000)
 Metaspace       used 32611K, capacity 33984K, committed 34304K, reserved 1079296K
  class space    used 4249K, capacity 4524K, committed 4608K, reserved 1048576K
}
Event: 8.934 GC heap before
{Heap before GC invocations=8 (full 1):
 PSYoungGen      total 245248K, used 50060K [0x000000076b600000, 0x000000077b400000, 0x00000007c0000000)
  eden space 233984K, 16% used [0x000000076b600000,0x000000076dbe8dd8,0x0000000779a80000)
  from space 11264K, 99% used [0x000000077a900000,0x000000077b3fa4c8,0x000000077b400000)
  to   space 12800K, 0% used [0x0000000779b00000,0x0000000779b00000,0x000000077a780000)
 ParOldGen       total 80384K, used 6410K [0x00000006c2200000, 0x00000006c7080000, 0x000000076b600000)
  object space 80384K, 7% used [0x00000006c2200000,0x00000006c2842808,0x00000006c7080000)
 Metaspace       used 33951K, capacity 35378K, committed 35416K, reserved 1079296K
  class space    used 4424K, capacity 4727K, committed 4736K, reserved 1048576K
Event: 8.941 GC heap after
Heap after GC invocations=8 (full 1):
 PSYoungGen      total 246784K, used 8123K [0x000000076b600000, 0x000000077b400000, 0x00000007c0000000)
  eden space 233984K, 0% used [0x000000076b600000,0x000000076b600000,0x0000000779a80000)
  from space 12800K, 63% used [0x0000000779b00000,0x000000077a2eec70,0x000000077a780000)
  to   space 11264K, 0% used [0x000000077a900000,0x000000077a900000,0x000000077b400000)
 ParOldGen       total 80384K, used 6418K [0x00000006c2200000, 0x00000006c7080000, 0x000000076b600000)
  object space 80384K, 7% used [0x00000006c2200000,0x00000006c2844808,0x00000006c7080000)
 Metaspace       used 33951K, capacity 35378K, committed 35416K, reserved 1079296K
  class space    used 4424K, capacity 4727K, committed 4736K, reserved 1048576K
}
Event: 8.941 GC heap before
{Heap before GC invocations=9 (full 2):
 PSYoungGen      total 246784K, used 8123K [0x000000076b600000, 0x000000077b400000, 0x00000007c0000000)
  eden space 233984K, 0% used [0x000000076b600000,0x000000076b600000,0x0000000779a80000)
  from space 12800K, 63% used [0x0000000779b00000,0x000000077a2eec70,0x000000077a780000)
  to   space 11264K, 0% used [0x000000077a900000,0x000000077a900000,0x000000077b400000)
 ParOldGen       total 80384K, used 6418K [0x00000006c2200000, 0x00000006c7080000, 0x000000076b600000)
  object space 80384K, 7% used [0x00000006c2200000,0x00000006c2844808,0x00000006c7080000)
 Metaspace       used 33951K, capacity 35378K, committed 35416K, reserved 1079296K
  class space    used 4424K, capacity 4727K, committed 4736K, reserved 1048576K
Event: 9.036 GC heap after
Heap after GC invocations=9 (full 2):
 PSYoungGen      total 246784K, used 0K [0x000000076b600000, 0x000000077b400000, 0x00000007c0000000)
  eden space 233984K, 0% used [0x000000076b600000,0x000000076b600000,0x0000000779a80000)
  from space 12800K, 0% used [0x0000000779b00000,0x0000000779b00000,0x000000077a780000)
  to   space 11264K, 0% used [0x000000077a900000,0x000000077a900000,0x000000077b400000)
 ParOldGen       total 112640K, used 12530K [0x00000006c2200000, 0x00000006c9000000, 0x000000076b600000)
  object space 112640K, 11% used [0x00000006c2200000,0x00000006c2e3ca40,0x00000006c9000000)
 Metaspace       used 33951K, capacity 35378K, committed 35416K, reserved 1079296K
  class space    used 4424K, capacity 4727K, committed 4736K, reserved 1048576K
}
Event: 11.996 GC heap before
{Heap before GC invocations=10 (full 2):
 PSYoungGen      total 246784K, used 233984K [0x000000076b600000, 0x000000077b400000, 0x00000007c0000000)
  eden space 233984K, 100% used [0x000000076b600000,0x0000000779a80000,0x0000000779a80000)
  from space 12800K, 0% used [0x0000000779b00000,0x0000000779b00000,0x000000077a780000)
  to   space 11264K, 0% used [0x000000077a900000,0x000000077a900000,0x000000077b400000)
 ParOldGen       total 112640K, used 12530K [0x00000006c2200000, 0x00000006c9000000, 0x000000076b600000)
  object space 112640K, 11% used [0x00000006c2200000,0x00000006c2e3ca40,0x00000006c9000000)
 Metaspace       used 45158K, capacity 47598K, committed 47832K, reserved 1091584K
  class space    used 5959K, capacity 6383K, committed 6400K, reserved 1048576K
Event: 12.006 GC heap after
Heap after GC invocations=10 (full 2):
 PSYoungGen      total 245248K, used 11260K [0x000000076b600000, 0x000000077b400000, 0x00000007c0000000)
  eden space 233984K, 0% used [0x000000076b600000,0x000000076b600000,0x0000000779a80000)
  from space 11264K, 99% used [0x000000077a900000,0x000000077b3ff0f8,0x000000077b400000)
  to   space 12800K, 0% used [0x0000000779b00000,0x0000000779b00000,0x000000077a780000)
 ParOldGen       total 112640K, used 15998K [0x00000006c2200000, 0x00000006c9000000, 0x000000076b600000)
  object space 112640K, 14% used [0x00000006c2200000,0x00000006c319f898,0x00000006c9000000)
 Metaspace       used 45158K, capacity 47598K, committed 47832K, reserved 1091584K
  class space    used 5959K, capacity 6383K, committed 6400K, reserved 1048576K
}
Event: 17.313 GC heap before
{Heap before GC invocations=11 (full 2):
 PSYoungGen      total 245248K, used 245244K [0x000000076b600000, 0x000000077b400000, 0x00000007c0000000)
  eden space 233984K, 100% used [0x000000076b600000,0x0000000779a80000,0x0000000779a80000)
  from space 11264K, 99% used [0x000000077a900000,0x000000077b3ff0f8,0x000000077b400000)
  to   space 12800K, 0% used [0x0000000779b00000,0x0000000779b00000,0x000000077a780000)
 ParOldGen       total 112640K, used 15998K [0x00000006c2200000, 0x00000006c9000000, 0x000000076b600000)
  object space 112640K, 14% used [0x00000006c2200000,0x00000006c319f898,0x00000006c9000000)
 Metaspace       used 49364K, capacity 52066K, committed 52184K, reserved 1093632K
  class space    used 6596K, capacity 7067K, committed 7168K, reserved 1048576K
Event: 17.322 GC heap after
Heap after GC invocations=11 (full 2):
 PSYoungGen      total 246784K, used 12797K [0x000000076b600000, 0x000000077b400000, 0x00000007c0000000)
  eden space 233984K, 0% used [0x000000076b600000,0x000000076b600000,0x0000000779a80000)
  from space 12800K, 99% used [0x0000000779b00000,0x000000077a77f628,0x000000077a780000)
  to   space 11264K, 0% used [0x000000077a900000,0x000000077a900000,0x000000077b400000)
 ParOldGen       total 112640K, used 16482K [0x00000006c2200000, 0x00000006c9000000, 0x000000076b600000)
  object space 112640K, 14% used [0x00000006c2200000,0x00000006c3218a58,0x00000006c9000000)
 Metaspace       used 49364K, capacity 52066K, committed 52184K, reserved 1093632K
  class space    used 6596K, capacity 7067K, committed 7168K, reserved 1048576K
}

