# JRE version: Java(TM) SE Runtime Environment (8.0_181-b13) (build 1.8.0_181-b13)
# Java VM: Java HotSpot(TM) 64-Bit Server VM (25.181-b13 mixed mode windows-amd64 compressed oops)
Heap:
 PSYoungGen      total 241664K, used 6889K [0x000000076b600000, 0x000000077b080000, 0x00000007c0000000)
  eden space 230400K, 2% used [0x000000076b600000,0x000000076bcba7d8,0x0000000779700000)
  from space 11264K, 0% used [0x000000077a580000,0x000000077a580000,0x000000077b080000)
  to   space 12800K, 0% used [0x0000000779780000,0x0000000779780000,0x000000077a400000)
 ParOldGen       total 157696K, used 26763K [0x00000006c2200000, 0x00000006cbc00000, 0x000000076b600000)
  object space 157696K, 16% used [0x00000006c2200000,0x00000006c3c22f50,0x00000006cbc00000)
 Metaspace       used 56109K, capacity 59036K, committed 59224K, reserved 1099776K
  class space    used 7468K, capacity 7970K, committed 8064K, reserved 1048576K
GC Heap History (10 events):
Event: 8.827 GC heap before
{Heap before GC invocations=9 (full 2):
 PSYoungGen      total 243200K, used 8052K [0x000000076b600000, 0x000000077b080000, 0x00000007c0000000)
  eden space 230400K, 0% used [0x000000076b600000,0x000000076b600000,0x0000000779700000)
  from space 12800K, 62% used [0x0000000779780000,0x0000000779f5d3d8,0x000000077a400000)
  to   space 11264K, 0% used [0x000000077a580000,0x000000077a580000,0x000000077b080000)
 ParOldGen       total 81920K, used 6523K [0x00000006c2200000, 0x00000006c7200000, 0x000000076b600000)
  object space 81920K, 7% used [0x00000006c2200000,0x00000006c285eca0,0x00000006c7200000)
 Metaspace       used 33921K, capacity 35366K, committed 35416K, reserved 1079296K
  class space    used 4425K, capacity 4727K, committed 4736K, reserved 1048576K
Event: 8.886 GC heap after
Heap after GC invocations=9 (full 2):
 PSYoungGen      total 243200K, used 0K [0x000000076b600000, 0x000000077b080000, 0x00000007c0000000)
  eden space 230400K, 0% used [0x000000076b600000,0x000000076b600000,0x0000000779700000)
  from space 12800K, 0% used [0x0000000779780000,0x0000000779780000,0x000000077a400000)
  to   space 11264K, 0% used [0x000000077a580000,0x000000077a580000,0x000000077b080000)
 ParOldGen       total 110592K, used 12609K [0x00000006c2200000, 0x00000006c8e00000, 0x000000076b600000)
  object space 110592K, 11% used [0x00000006c2200000,0x00000006c2e50570,0x00000006c8e00000)
 Metaspace       used 33921K, capacity 35366K, committed 35416K, reserved 1079296K
  class space    used 4425K, capacity 4727K, committed 4736K, reserved 1048576K
}
Event: 11.707 GC heap before
{Heap before GC invocations=10 (full 2):
 PSYoungGen      total 243200K, used 230400K [0x000000076b600000, 0x000000077b080000, 0x00000007c0000000)
  eden space 230400K, 100% used [0x000000076b600000,0x0000000779700000,0x0000000779700000)
  from space 12800K, 0% used [0x0000000779780000,0x0000000779780000,0x000000077a400000)
  to   space 11264K, 0% used [0x000000077a580000,0x000000077a580000,0x000000077b080000)
 ParOldGen       total 110592K, used 12609K [0x00000006c2200000, 0x00000006c8e00000, 0x000000076b600000)
  object space 110592K, 11% used [0x00000006c2200000,0x00000006c2e50570,0x00000006c8e00000)
 Metaspace       used 44992K, capacity 47446K, committed 47576K, reserved 1091584K
  class space    used 5939K, capacity 6381K, committed 6400K, reserved 1048576K
Event: 11.716 GC heap after
Heap after GC invocations=10 (full 2):
 PSYoungGen      total 241664K, used 11259K [0x000000076b600000, 0x000000077b080000, 0x00000007c0000000)
  eden space 230400K, 0% used [0x000000076b600000,0x000000076b600000,0x0000000779700000)
  from space 11264K, 99% used [0x000000077a580000,0x000000077b07ef28,0x000000077b080000)
  to   space 12800K, 0% used [0x0000000779780000,0x0000000779780000,0x000000077a400000)
 ParOldGen       total 110592K, used 16023K [0x00000006c2200000, 0x00000006c8e00000, 0x000000076b600000)
  object space 110592K, 14% used [0x00000006c2200000,0x00000006c31a5c90,0x00000006c8e00000)
 Metaspace       used 44992K, capacity 47446K, committed 47576K, reserved 1091584K
  class space    used 5939K, capacity 6381K, committed 6400K, reserved 1048576K
}
Event: 16.880 GC heap before
{Heap before GC invocations=11 (full 2):
 PSYoungGen      total 241664K, used 241659K [0x000000076b600000, 0x000000077b080000, 0x00000007c0000000)
  eden space 230400K, 100% used [0x000000076b600000,0x0000000779700000,0x0000000779700000)
  from space 11264K, 99% used [0x000000077a580000,0x000000077b07ef28,0x000000077b080000)
  to   space 12800K, 0% used [0x0000000779780000,0x0000000779780000,0x000000077a400000)
 ParOldGen       total 110592K, used 16023K [0x00000006c2200000, 0x00000006c8e00000, 0x000000076b600000)
  object space 110592K, 14% used [0x00000006c2200000,0x00000006c31a5c90,0x00000006c8e00000)
 Metaspace       used 49043K, capacity 51728K, committed 51800K, reserved 1093632K
  class space    used 6530K, capacity 7002K, committed 7040K, reserved 1048576K
Event: 16.888 GC heap after
Heap after GC invocations=11 (full 2):
 PSYoungGen      total 243200K, used 12776K [0x000000076b600000, 0x000000077b080000, 0x00000007c0000000)
  eden space 230400K, 0% used [0x000000076b600000,0x000000076b600000,0x0000000779700000)
  from space 12800K, 99% used [0x0000000779780000,0x000000077a3fa080,0x000000077a400000)
  to   space 11264K, 0% used [0x000000077a580000,0x000000077a580000,0x000000077b080000)
 ParOldGen       total 110592K, used 16374K [0x00000006c2200000, 0x00000006c8e00000, 0x000000076b600000)
  object space 110592K, 14% used [0x00000006c2200000,0x00000006c31fdb20,0x00000006c8e00000)
 Metaspace       used 49043K, capacity 51728K, committed 51800K, reserved 1093632K
  class space    used 6530K, capacity 7002K, committed 7040K, reserved 1048576K
}
Event: 18.380 GC heap before
{Heap before GC invocations=12 (full 2):
 PSYoungGen      total 243200K, used 95224K [0x000000076b600000, 0x000000077b080000, 0x00000007c0000000)
  eden space 230400K, 35% used [0x000000076b600000,0x0000000770684150,0x0000000779700000)
  from space 12800K, 99% used [0x0000000779780000,0x000000077a3fa080,0x000000077a400000)
  to   space 11264K, 0% used [0x000000077a580000,0x000000077a580000,0x000000077b080000)
 ParOldGen       total 110592K, used 16374K [0x00000006c2200000, 0x00000006c8e00000, 0x000000076b600000)
  object space 110592K, 14% used [0x00000006c2200000,0x00000006c31fdb20,0x00000006c8e00000)
 Metaspace       used 55954K, capacity 58812K, committed 58968K, reserved 1099776K
  class space    used 7419K, capacity 7938K, committed 8064K, reserved 1048576K
Event: 18.391 GC heap after
Heap after GC invocations=12 (full 2):
 PSYoungGen      total 241664K, used 11254K [0x000000076b600000, 0x000000077b080000, 0x00000007c0000000)
  eden space 230400K, 0% used [0x000000076b600000,0x000000076b600000,0x0000000779700000)
  from space 11264K, 99% used [0x000000077a580000,0x000000077b07d930,0x000000077b080000)
  to   space 12800K, 0% used [0x0000000779780000,0x0000000779780000,0x000000077a400000)
 ParOldGen       total 110592K, used 22514K [0x00000006c2200000, 0x00000006c8e00000, 0x000000076b600000)
  object space 110592K, 20% used [0x00000006c2200000,0x00000006c37fcb00,0x00000006c8e00000)
 Metaspace       used 55954K, capacity 58812K, committed 58968K, reserved 1099776K
  class space    used 7419K, capacity 7938K, committed 8064K, reserved 1048576K
}
Event: 18.391 GC heap before
{Heap before GC invocations=13 (full 3):
 PSYoungGen      total 241664K, used 11254K [0x000000076b600000, 0x000000077b080000, 0x00000007c0000000)
  eden space 230400K, 0% used [0x000000076b600000,0x000000076b600000,0x0000000779700000)
  from space 11264K, 99% used [0x000000077a580000,0x000000077b07d930,0x000000077b080000)
  to   space 12800K, 0% used [0x0000000779780000,0x0000000779780000,0x000000077a400000)
 ParOldGen       total 110592K, used 22514K [0x00000006c2200000, 0x00000006c8e00000, 0x000000076b600000)
  object space 110592K, 20% used [0x00000006c2200000,0x00000006c37fcb00,0x00000006c8e00000)
 Metaspace       used 55954K, capacity 58812K, committed 58968K, reserved 1099776K
  class space    used 7419K, capacity 7938K, committed 8064K, reserved 1048576K
Event: 18.576 GC heap after
Heap after GC invocations=13 (full 3):
 PSYoungGen      total 241664K, used 0K [0x000000076b600000, 0x000000077b080000, 0x00000007c0000000)
  eden space 230400K, 0% used [0x000000076b600000,0x000000076b600000,0x0000000779700000)
  from space 11264K, 0% used [0x000000077a580000,0x000000077a580000,0x000000077b080000)
  to   space 12800K, 0% used [0x0000000779780000,0x0000000779780000,0x000000077a400000)
 ParOldGen       total 157696K, used 26763K [0x00000006c2200000, 0x00000006cbc00000, 0x000000076b600000)
  object space 157696K, 16% used [0x00000006c2200000,0x00000006c3c22f50,0x00000006cbc00000)
 Metaspace       used 55954K, capacity 58812K, committed 58968K, reserved 1099776K
  class space    used 7419K, capacity 7938K, committed 8064K, reserved 1048576K
}

