# JRE version: Java(TM) SE Runtime Environment (8.0_181-b13) (build 1.8.0_181-b13)
# Java VM: Java HotSpot(TM) 64-Bit Server VM (25.181-b13 mixed mode windows-amd64 compressed oops)
Heap:
 PSYoungGen      total 243200K, used 183222K [0x000000076b600000, 0x000000077b180000, 0x00000007c0000000)
  eden space 231936K, 74% used [0x000000076b600000,0x0000000775df01a0,0x0000000779880000)
  from space 11264K, 99% used [0x000000077a680000,0x000000077b17d830,0x000000077b180000)
  to   space 12800K, 0% used [0x0000000779880000,0x0000000779880000,0x000000077a500000)
 ParOldGen       total 111616K, used 15797K [0x00000006c2200000, 0x00000006c8f00000, 0x000000076b600000)
  object space 111616K, 14% used [0x00000006c2200000,0x00000006c316d738,0x00000006c8f00000)
 Metaspace       used 47425K, capacity 50062K, committed 50264K, reserved 1093632K
  class space    used 6245K, capacity 6729K, committed 6784K, reserved 1048576K
GC Heap History (10 events):
Event: 7.378 GC heap before
{Heap before GC invocations=6 (full 1):
 PSYoungGen      total 140800K, used 130048K [0x000000076b600000, 0x0000000774a00000, 0x00000007c0000000)
  eden space 130048K, 100% used [0x000000076b600000,0x0000000773500000,0x0000000773500000)
  from space 10752K, 0% used [0x0000000773f80000,0x0000000773f80000,0x0000000774a00000)
  to   space 10752K, 0% used [0x0000000773500000,0x0000000773500000,0x0000000773f80000)
 ParOldGen       total 81920K, used 6135K [0x00000006c2200000, 0x00000006c7200000, 0x000000076b600000)
  object space 81920K, 7% used [0x00000006c2200000,0x00000006c27fdf18,0x00000006c7200000)
 Metaspace       used 27377K, capacity 28540K, committed 28800K, reserved 1075200K
  class space    used 3447K, capacity 3692K, committed 3712K, reserved 1048576K
Event: 7.385 GC heap after
Heap after GC invocations=6 (full 1):
 PSYoungGen      total 140800K, used 9185K [0x000000076b600000, 0x000000077b180000, 0x00000007c0000000)
  eden space 130048K, 0% used [0x000000076b600000,0x000000076b600000,0x0000000773500000)
  from space 10752K, 85% used [0x0000000773500000,0x0000000773df8688,0x0000000773f80000)
  to   space 11264K, 0% used [0x000000077a680000,0x000000077a680000,0x000000077b180000)
 ParOldGen       total 81920K, used 6207K [0x00000006c2200000, 0x00000006c7200000, 0x000000076b600000)
  object space 81920K, 7% used [0x00000006c2200000,0x00000006c280ff28,0x00000006c7200000)
 Metaspace       used 27377K, capacity 28540K, committed 28800K, reserved 1075200K
  class space    used 3447K, capacity 3692K, committed 3712K, reserved 1048576K
}
Event: 8.263 GC heap before
{Heap before GC invocations=7 (full 1):
 PSYoungGen      total 140800K, used 139233K [0x000000076b600000, 0x000000077b180000, 0x00000007c0000000)
  eden space 130048K, 100% used [0x000000076b600000,0x0000000773500000,0x0000000773500000)
  from space 10752K, 85% used [0x0000000773500000,0x0000000773df8688,0x0000000773f80000)
  to   space 11264K, 0% used [0x000000077a680000,0x000000077a680000,0x000000077b180000)
 ParOldGen       total 81920K, used 6207K [0x00000006c2200000, 0x00000006c7200000, 0x000000076b600000)
  object space 81920K, 7% used [0x00000006c2200000,0x00000006c280ff28,0x00000006c7200000)
 Metaspace       used 32742K, capacity 34118K, committed 34304K, reserved 1079296K
  class space    used 4264K, capacity 4527K, committed 4608K, reserved 1048576K
Event: 8.272 GC heap after
Heap after GC invocations=7 (full 1):
 PSYoungGen      total 243200K, used 11247K [0x000000076b600000, 0x000000077b180000, 0x00000007c0000000)
  eden space 231936K, 0% used [0x000000076b600000,0x000000076b600000,0x0000000779880000)
  from space 11264K, 99% used [0x000000077a680000,0x000000077b17bc80,0x000000077b180000)
  to   space 12800K, 0% used [0x0000000779880000,0x0000000779880000,0x000000077a500000)
 ParOldGen       total 81920K, used 6516K [0x00000006c2200000, 0x00000006c7200000, 0x000000076b600000)
  object space 81920K, 7% used [0x00000006c2200000,0x00000006c285d3b0,0x00000006c7200000)
 Metaspace       used 32742K, capacity 34118K, committed 34304K, reserved 1079296K
  class space    used 4264K, capacity 4527K, committed 4608K, reserved 1048576K
}
Event: 8.458 GC heap before
{Heap before GC invocations=8 (full 1):
 PSYoungGen      total 243200K, used 50407K [0x000000076b600000, 0x000000077b180000, 0x00000007c0000000)
  eden space 231936K, 16% used [0x000000076b600000,0x000000076dc3e038,0x0000000779880000)
  from space 11264K, 99% used [0x000000077a680000,0x000000077b17bc80,0x000000077b180000)
  to   space 12800K, 0% used [0x0000000779880000,0x0000000779880000,0x000000077a500000)
 ParOldGen       total 81920K, used 6516K [0x00000006c2200000, 0x00000006c7200000, 0x000000076b600000)
  object space 81920K, 7% used [0x00000006c2200000,0x00000006c285d3b0,0x00000006c7200000)
 Metaspace       used 33938K, capacity 35384K, committed 35416K, reserved 1079296K
  class space    used 4433K, capacity 4728K, committed 4736K, reserved 1048576K
Event: 8.464 GC heap after
Heap after GC invocations=8 (full 1):
 PSYoungGen      total 244736K, used 8048K [0x000000076b600000, 0x000000077b180000, 0x00000007c0000000)
  eden space 231936K, 0% used [0x000000076b600000,0x000000076b600000,0x0000000779880000)
  from space 12800K, 62% used [0x0000000779880000,0x000000077a05c328,0x000000077a500000)
  to   space 11264K, 0% used [0x000000077a680000,0x000000077a680000,0x000000077b180000)
 ParOldGen       total 81920K, used 6524K [0x00000006c2200000, 0x00000006c7200000, 0x000000076b600000)
  object space 81920K, 7% used [0x00000006c2200000,0x00000006c285f3b0,0x00000006c7200000)
 Metaspace       used 33938K, capacity 35384K, committed 35416K, reserved 1079296K
  class space    used 4433K, capacity 4728K, committed 4736K, reserved 1048576K
}
Event: 8.464 GC heap before
{Heap before GC invocations=9 (full 2):
 PSYoungGen      total 244736K, used 8048K [0x000000076b600000, 0x000000077b180000, 0x00000007c0000000)
  eden space 231936K, 0% used [0x000000076b600000,0x000000076b600000,0x0000000779880000)
  from space 12800K, 62% used [0x0000000779880000,0x000000077a05c328,0x000000077a500000)
  to   space 11264K, 0% used [0x000000077a680000,0x000000077a680000,0x000000077b180000)
 ParOldGen       total 81920K, used 6524K [0x00000006c2200000, 0x00000006c7200000, 0x000000076b600000)
  object space 81920K, 7% used [0x00000006c2200000,0x00000006c285f3b0,0x00000006c7200000)
 Metaspace       used 33938K, capacity 35384K, committed 35416K, reserved 1079296K
  class space    used 4433K, capacity 4728K, committed 4736K, reserved 1048576K
Event: 8.534 GC heap after
Heap after GC invocations=9 (full 2):
 PSYoungGen      total 244736K, used 0K [0x000000076b600000, 0x000000077b180000, 0x00000007c0000000)
  eden space 231936K, 0% used [0x000000076b600000,0x000000076b600000,0x0000000779880000)
  from space 12800K, 0% used [0x0000000779880000,0x0000000779880000,0x000000077a500000)
  to   space 11264K, 0% used [0x000000077a680000,0x000000077a680000,0x000000077b180000)
 ParOldGen       total 111616K, used 12535K [0x00000006c2200000, 0x00000006c8f00000, 0x000000076b600000)
  object space 111616K, 11% used [0x00000006c2200000,0x00000006c2e3dfb0,0x00000006c8f00000)
 Metaspace       used 33938K, capacity 35384K, committed 35416K, reserved 1079296K
  class space    used 4433K, capacity 4728K, committed 4736K, reserved 1048576K
}
Event: 11.553 GC heap before
{Heap before GC invocations=10 (full 2):
 PSYoungGen      total 244736K, used 231936K [0x000000076b600000, 0x000000077b180000, 0x00000007c0000000)
  eden space 231936K, 100% used [0x000000076b600000,0x0000000779880000,0x0000000779880000)
  from space 12800K, 0% used [0x0000000779880000,0x0000000779880000,0x000000077a500000)
  to   space 11264K, 0% used [0x000000077a680000,0x000000077a680000,0x000000077b180000)
 ParOldGen       total 111616K, used 12535K [0x00000006c2200000, 0x00000006c8f00000, 0x000000076b600000)
  object space 111616K, 11% used [0x00000006c2200000,0x00000006c2e3dfb0,0x00000006c8f00000)
 Metaspace       used 44993K, capacity 47458K, committed 47576K, reserved 1091584K
  class space    used 5938K, capacity 6381K, committed 6400K, reserved 1048576K
Event: 11.562 GC heap after
Heap after GC invocations=10 (full 2):
 PSYoungGen      total 243200K, used 11254K [0x000000076b600000, 0x000000077b180000, 0x00000007c0000000)
  eden space 231936K, 0% used [0x000000076b600000,0x000000076b600000,0x0000000779880000)
  from space 11264K, 99% used [0x000000077a680000,0x000000077b17d830,0x000000077b180000)
  to   space 12800K, 0% used [0x0000000779880000,0x0000000779880000,0x000000077a500000)
 ParOldGen       total 111616K, used 15797K [0x00000006c2200000, 0x00000006c8f00000, 0x000000076b600000)
  object space 111616K, 14% used [0x00000006c2200000,0x00000006c316d738,0x00000006c8f00000)
 Metaspace       used 44993K, capacity 47458K, committed 47576K, reserved 1091584K
  class space    used 5938K, capacity 6381K, committed 6400K, reserved 1048576K
}

